This is pdfTeX, Version 3.14159265-2.6-1.40.15 (TeX Live 2014) (preloaded format=mex 2014.5.25)  25 JAN 2015 10:54
entering extended mode
 restricted \write18 enabled.
 %&-line parsing enabled.
**src/cokus.cpp src/mex_regressionRF_train.cpp src/reg_RF.cpp -o mexRF_train -D
MATLAB
(./src/cokus.cpp
This is MeX  Version 1.05  18 XII 1993  (B. Jackowski & M. Ry\'cko)
! Missing $ inserted.
<inserted text> 
                $
<to be read again> 
                   ^
l.2 ...om integers uniformly distributed in 0..(2^
                                                  32 - 1)
? 
! Missing $ inserted.
<inserted text> 
                $
<to be read again> 
                   \par 
l.45 
     
? 
! Interruption.
<to be read again> 
                   \par 
l.45 
     
? X
No pages of output.
